<?xml version="1.0" encoding="UTF-8"?>
<testsuite xmlns:xsi="http://www.w3.org/2001/XMLSchema-instance" xsi:noNamespaceSchemaLocation="https://maven.apache.org/surefire/maven-surefire-plugin/xsd/surefire-test-report-3.0.xsd" version="3.0" name="RationalTest" time="0.051" tests="7" errors="0" skipped="0" failures="0">
  <properties>
    <property name="sun.desktop" value="windows"/>
    <property name="awt.toolkit" value="sun.awt.windows.WToolkit"/>
    <property name="file.encoding.pkg" value="sun.io"/>
    <property name="java.specification.version" value="1.8"/>
    <property name="sun.cpu.isalist" value="amd64"/>
    <property name="sun.jnu.encoding" value="Cp1252"/>
    <property name="java.class.path" value="C:\Users\Jinnipa\Rational\target\test-classes;C:\Users\Jinnipa\Rational\target\classes;C:\Users\Jinnipa\.m2\repository\junit\junit\4.13\junit-4.13.jar;C:\Users\Jinnipa\.m2\repository\org\hamcrest\hamcrest-core\1.3\hamcrest-core-1.3.jar;"/>
    <property name="java.vm.vendor" value="Temurin"/>
    <property name="sun.arch.data.model" value="64"/>
    <property name="user.variant" value=""/>
    <property name="java.vendor.url" value="https://adoptium.net/"/>
    <property name="user.timezone" value="Asia/Bangkok"/>
    <property name="java.vm.specification.version" value="1.8"/>
    <property name="os.name" value="Windows 11"/>
    <property name="user.country" value="US"/>
    <property name="sun.java.launcher" value="SUN_STANDARD"/>
    <property name="sun.boot.library.path" value="C:\Program Files\Java\jdk8u462-b08\jre\bin"/>
    <property name="sun.java.command" value="C:\Users\Jinnipa\AppData\Local\Temp\surefire5277759894049381589\surefirebooter-20250917150937155_3.jar C:\Users\Jinnipa\AppData\Local\Temp\surefire5277759894049381589 2025-09-17T15-09-36_834-jvmRun1 surefire-20250917150937155_1tmp surefire_0-20250917150937155_2tmp"/>
    <property name="surefire.test.class.path" value="C:\Users\Jinnipa\Rational\target\test-classes;C:\Users\Jinnipa\Rational\target\classes;C:\Users\Jinnipa\.m2\repository\junit\junit\4.13\junit-4.13.jar;C:\Users\Jinnipa\.m2\repository\org\hamcrest\hamcrest-core\1.3\hamcrest-core-1.3.jar;"/>
    <property name="sun.cpu.endian" value="little"/>
    <property name="user.home" value="C:\Users\Jinnipa"/>
    <property name="user.language" value="en"/>
    <property name="java.specification.vendor" value="Oracle Corporation"/>
    <property name="java.home" value="C:\Program Files\Java\jdk8u462-b08\jre"/>
    <property name="basedir" value="C:\Users\Jinnipa\Rational"/>
    <property name="file.separator" value="\"/>
    <property name="line.separator" value="&#10;"/>
    <property name="java.vm.specification.vendor" value="Oracle Corporation"/>
    <property name="java.specification.name" value="Java Platform API Specification"/>
    <property name="java.awt.graphicsenv" value="sun.awt.Win32GraphicsEnvironment"/>
    <property name="surefire.real.class.path" value="C:\Users\Jinnipa\AppData\Local\Temp\surefire5277759894049381589\surefirebooter-20250917150937155_3.jar"/>
    <property name="sun.boot.class.path" value="C:\Program Files\Java\jdk8u462-b08\jre\lib\resources.jar;C:\Program Files\Java\jdk8u462-b08\jre\lib\rt.jar;C:\Program Files\Java\jdk8u462-b08\jre\lib\sunrsasign.jar;C:\Program Files\Java\jdk8u462-b08\jre\lib\jsse.jar;C:\Program Files\Java\jdk8u462-b08\jre\lib\jce.jar;C:\Program Files\Java\jdk8u462-b08\jre\lib\charsets.jar;C:\Program Files\Java\jdk8u462-b08\jre\lib\jfr.jar;C:\Program Files\Java\jdk8u462-b08\jre\classes"/>
    <property name="user.script" value=""/>
    <property name="sun.management.compiler" value="HotSpot 64-Bit Tiered Compilers"/>
    <property name="java.runtime.version" value="1.8.0_462-b08"/>
    <property name="user.name" value="Jinnipa"/>
    <property name="path.separator" value=";"/>
    <property name="os.version" value="10.0"/>
    <property name="java.endorsed.dirs" value="C:\Program Files\Java\jdk8u462-b08\jre\lib\endorsed"/>
    <property name="java.runtime.name" value="OpenJDK Runtime Environment"/>
    <property name="file.encoding" value="Cp1252"/>
    <property name="java.vm.name" value="OpenJDK 64-Bit Server VM"/>
    <property name="localRepository" value="C:\Users\Jinnipa\.m2\repository"/>
    <property name="java.vendor.url.bug" value="https://github.com/adoptium/adoptium-support/issues"/>
    <property name="java.io.tmpdir" value="C:\Users\Jinnipa\AppData\Local\Temp\"/>
    <property name="idea.version" value="2024.3.5"/>
    <property name="java.version" value="1.8.0_462"/>
    <property name="user.dir" value="C:\Users\Jinnipa\Rational"/>
    <property name="os.arch" value="amd64"/>
    <property name="java.vm.specification.name" value="Java Virtual Machine Specification"/>
    <property name="java.awt.printerjob" value="sun.awt.windows.WPrinterJob"/>
    <property name="sun.os.patch.level" value=""/>
    <property name="java.library.path" value="C:\Program Files\Java\jdk8u462-b08\jre\bin;C:\WINDOWS\Sun\Java\bin;C:\WINDOWS\system32;C:\WINDOWS;C:\Program Files\Java\jdk-17\\bin;C:\Program Files\Common Files\Oracle\Java\javapath;C:\Program Files (x86)\Common Files\Oracle\Java\java8path;C:\Program Files (x86)\Common Files\Oracle\Java\javapath;C:\Windows\system32;C:\Windows;C:\Windows\System32\Wbem;C:\Windows\System32\WindowsPowerShell\v1.0\;C:\Windows\System32\OpenSSH\;C:\Program Files\NVIDIA Corporation\NVIDIA NvDLISR;C:\Program Files\dotnet\;C:\WINDOWS\system32;C:\WINDOWS;C:\WINDOWS\System32\Wbem;C:\WINDOWS\System32\WindowsPowerShell\v1.0\;C:\WINDOWS\System32\OpenSSH\;C:\Program Files (x86)\Pulse Secure\VC142.CRT\X64\;C:\Program Files (x86)\Pulse Secure\VC142.CRT\X86\;C:\Program Files\MATLAB\R2023b\bin;C:\Program Files\nodejs\;C:\Program Files\Microsoft MPI\Bin\;C:\Program Files\Vim\vim91\;C:\Program Files (x86)\Microsoft SDKs\MPI\;C:\Program Files\Git\cmd;C:\Program Files (x86)\NVIDIA Corporation\PhysX\Common;C:\dart-sdk\bin;C:\Users\Jinnipa\AppData\Local\Programs\Python\Python312\Scripts\;C:\Program Files (x86)\Windows Kits\10\Windows Performance Toolkit\;C:\Users\Jinnipa\AppData\Local\Programs\Python\Python312\Scripts\;C:\Users\Jinnipa\AppData\Local\Programs\Python\Python312\;C:\Users\Jinnipa\AppData\Local\Programs\Python\Python311\Scripts\;C:\Users\Jinnipa\AppData\Local\Programs\Python\Python311\;C:\Program Files\Java\jdk-19\bin;C:\Users\Jinnipa\AppData\Local\Microsoft\WindowsApps;C:\ProgramData\Jinnipa\GitHubDesktop\bin;C:\Users\Jinnipa\AppData\Local\Programs\Microsoft VS Code\bin;C:\Users\Jinnipa\AppData\Roaming\npm;C:\users\jinnipa\Downloads\python-3.11.4-amd64.exe;C:\Users\Jinnipa\AppData\Local\Programs\mongosh\;C:\Program Files\JetBrains\IntelliJ IDEA 2024.3.5\bin;;C:\Users\Jinnipa\Downloads\ITCS424_6588152\flutter\bin;C:\Users\Jinnipa\.dotnet\tools;."/>
    <property name="java.vm.info" value="mixed mode"/>
    <property name="java.vendor" value="Temurin"/>
    <property name="java.vm.version" value="25.462-b08"/>
    <property name="java.specification.maintenance.version" value="6"/>
    <property name="java.ext.dirs" value="C:\Program Files\Java\jdk8u462-b08\jre\lib\ext;C:\WINDOWS\Sun\Java\lib\ext"/>
    <property name="sun.io.unicode.encoding" value="UnicodeLittle"/>
    <property name="java.class.version" value="52.0"/>
  </properties>
  <testcase name="testAdd" classname="RationalTest" time="0.008">
    <system-out><![CDATA[Initializing the two Rational numbers.
Clear up the two Rational numbers.
]]></system-out>
  </testcase>
  <testcase name="compareTo" classname="RationalTest" time="0.001">
    <system-out><![CDATA[Initializing the two Rational numbers.
Clear up the two Rational numbers.
]]></system-out>
  </testcase>
  <testcase name="testSubtract" classname="RationalTest" time="0.001">
    <system-out><![CDATA[Initializing the two Rational numbers.
Clear up the two Rational numbers.
]]></system-out>
  </testcase>
  <testcase name="equals" classname="RationalTest" time="0.001">
    <system-out><![CDATA[Initializing the two Rational numbers.
Clear up the two Rational numbers.
]]></system-out>
  </testcase>
  <testcase name="toStringTest" classname="RationalTest" time="0.001">
    <system-out><![CDATA[Initializing the two Rational numbers.
1/2
1/2
Clear up the two Rational numbers.
]]></system-out>
  </testcase>
  <testcase name="testDivide" classname="RationalTest" time="0.001">
    <system-out><![CDATA[Initializing the two Rational numbers.
Clear up the two Rational numbers.
]]></system-out>
  </testcase>
  <testcase name="testMultiply" classname="RationalTest" time="0.002">
    <system-out><![CDATA[Initializing the two Rational numbers.
Clear up the two Rational numbers.
]]></system-out>
  </testcase>
</testsuite>